{"C:\\Users\\apple\\GitHub\\Echo\\server\\seed.js": {"path":"C:\\Users\\apple\\GitHub\\Echo\\server\\seed.js","statementMap":{"0":{"start":{"line":1,"column":17},"end":{"line":1,"column":36}},"1":{"start":{"line":2,"column":15},"end":{"line":2,"column":32}},"2":{"start":{"line":3,"column":17},"end":{"line":3,"column":41}},"3":{"start":{"line":4,"column":17},"end":{"line":4,"column":44}},"4":{"start":{"line":5,"column":14},"end":{"line":5,"column":39}},"5":{"start":{"line":6,"column":24},"end":{"line":6,"column":59}},"6":{"start":{"line":7,"column":11},"end":{"line":7,"column":24}},"7":{"start":{"line":8,"column":13},"end":{"line":8,"column":28}},"8":{"start":{"line":9,"column":16},"end":{"line":9,"column":43}},"9":{"start":{"line":10,"column":28},"end":{"line":10,"column":56}},"10":{"start":{"line":12,"column":0},"end":{"line":12,"column":60}},"11":{"start":{"line":13,"column":18},"end":{"line":13,"column":109}},"12":{"start":{"line":14,"column":21},"end":{"line":14,"column":115}},"13":{"start":{"line":17,"column":4},"end":{"line":27,"column":5}},"14":{"start":{"line":18,"column":8},"end":{"line":18,"column":92}},"15":{"start":{"line":19,"column":8},"end":{"line":19,"column":30}},"16":{"start":{"line":20,"column":28},"end":{"line":20,"column":46}},"17":{"start":{"line":21,"column":8},"end":{"line":21,"column":53}},"18":{"start":{"line":22,"column":8},"end":{"line":22,"column":42}},"19":{"start":{"line":24,"column":8},"end":{"line":24,"column":35}},"20":{"start":{"line":26,"column":8},"end":{"line":26,"column":36}},"21":{"start":{"line":30,"column":22},"end":{"line":35,"column":1}},"22":{"start":{"line":31,"column":4},"end":{"line":31,"column":29}},"23":{"start":{"line":32,"column":4},"end":{"line":32,"column":39}},"24":{"start":{"line":33,"column":4},"end":{"line":33,"column":31}},"25":{"start":{"line":34,"column":4},"end":{"line":34,"column":28}},"26":{"start":{"line":37,"column":21},"end":{"line":63,"column":1}},"27":{"start":{"line":38,"column":4},"end":{"line":62,"column":5}},"28":{"start":{"line":39,"column":23},"end":{"line":47,"column":9}},"29":{"start":{"line":49,"column":23},"end":{"line":54,"column":9}},"30":{"start":{"line":56,"column":8},"end":{"line":56,"column":28}},"31":{"start":{"line":57,"column":8},"end":{"line":57,"column":28}},"32":{"start":{"line":59,"column":8},"end":{"line":59,"column":125}},"33":{"start":{"line":61,"column":8},"end":{"line":61,"column":52}},"34":{"start":{"line":65,"column":23},"end":{"line":89,"column":1}},"35":{"start":{"line":66,"column":4},"end":{"line":88,"column":5}},"36":{"start":{"line":67,"column":24},"end":{"line":67,"column":42}},"37":{"start":{"line":68,"column":24},"end":{"line":68,"column":42}},"38":{"start":{"line":70,"column":8},"end":{"line":84,"column":9}},"39":{"start":{"line":70,"column":21},"end":{"line":70,"column":22}},"40":{"start":{"line":71,"column":29},"end":{"line":71,"column":36}},"41":{"start":{"line":71,"column":49},"end":{"line":71,"column":56}},"42":{"start":{"line":72,"column":12},"end":{"line":75,"column":13}},"43":{"start":{"line":73,"column":16},"end":{"line":73,"column":37}},"44":{"start":{"line":74,"column":16},"end":{"line":74,"column":35}},"45":{"start":{"line":76,"column":28},"end":{"line":82,"column":13}},"46":{"start":{"line":83,"column":12},"end":{"line":83,"column":33}},"47":{"start":{"line":85,"column":8},"end":{"line":85,"column":122}},"48":{"start":{"line":87,"column":8},"end":{"line":87,"column":53}},"49":{"start":{"line":91,"column":19},"end":{"line":109,"column":1}},"50":{"start":{"line":92,"column":4},"end":{"line":108,"column":5}},"51":{"start":{"line":93,"column":28},"end":{"line":93,"column":30}},"52":{"start":{"line":94,"column":8},"end":{"line":100,"column":9}},"53":{"start":{"line":95,"column":12},"end":{"line":95,"column":60}},"54":{"start":{"line":97,"column":25},"end":{"line":97,"column":43}},"55":{"start":{"line":98,"column":12},"end":{"line":98,"column":30}},"56":{"start":{"line":99,"column":12},"end":{"line":99,"column":35}},"57":{"start":{"line":101,"column":8},"end":{"line":101,"column":83}},"58":{"start":{"line":103,"column":8},"end":{"line":103,"column":43}},"59":{"start":{"line":104,"column":8},"end":{"line":104,"column":27}},"60":{"start":{"line":106,"column":8},"end":{"line":106,"column":58}},"61":{"start":{"line":107,"column":8},"end":{"line":107,"column":18}},"62":{"start":{"line":111,"column":24},"end":{"line":129,"column":1}},"63":{"start":{"line":112,"column":4},"end":{"line":128,"column":5}},"64":{"start":{"line":113,"column":22},"end":{"line":113,"column":30}},"65":{"start":{"line":114,"column":22},"end":{"line":114,"column":30}},"66":{"start":{"line":116,"column":8},"end":{"line":119,"column":10}},"67":{"start":{"line":121,"column":8},"end":{"line":124,"column":10}},"68":{"start":{"line":125,"column":8},"end":{"line":125,"column":110}},"69":{"start":{"line":127,"column":8},"end":{"line":127,"column":63}},"70":{"start":{"line":131,"column":0},"end":{"line":131,"column":6}}},"fnMap":{"0":{"name":"main","decl":{"start":{"line":16,"column":15},"end":{"line":16,"column":19}},"loc":{"start":{"line":16,"column":22},"end":{"line":28,"column":1}},"line":16},"1":{"name":"(anonymous_1)","decl":{"start":{"line":30,"column":22},"end":{"line":30,"column":23}},"loc":{"start":{"line":30,"column":34},"end":{"line":35,"column":1}},"line":30},"2":{"name":"(anonymous_2)","decl":{"start":{"line":37,"column":21},"end":{"line":37,"column":22}},"loc":{"start":{"line":37,"column":44},"end":{"line":63,"column":1}},"line":37},"3":{"name":"(anonymous_3)","decl":{"start":{"line":65,"column":23},"end":{"line":65,"column":24}},"loc":{"start":{"line":65,"column":46},"end":{"line":89,"column":1}},"line":65},"4":{"name":"(anonymous_4)","decl":{"start":{"line":91,"column":19},"end":{"line":91,"column":20}},"loc":{"start":{"line":91,"column":31},"end":{"line":109,"column":1}},"line":91},"5":{"name":"(anonymous_5)","decl":{"start":{"line":111,"column":24},"end":{"line":111,"column":25}},"loc":{"start":{"line":111,"column":41},"end":{"line":129,"column":1}},"line":111}},"branchMap":{"0":{"loc":{"start":{"line":18,"column":31},"end":{"line":18,"column":90}},"type":"binary-expr","locations":[{"start":{"line":18,"column":31},"end":{"line":18,"column":52}},{"start":{"line":18,"column":56},"end":{"line":18,"column":90}}],"line":18},"1":{"loc":{"start":{"line":72,"column":12},"end":{"line":75,"column":13}},"type":"if","locations":[{"start":{"line":72,"column":12},"end":{"line":75,"column":13}},{"start":{},"end":{}}],"line":72}},"s":{"0":0,"1":0,"2":0,"3":0,"4":0,"5":0,"6":0,"7":0,"8":0,"9":0,"10":0,"11":0,"12":0,"13":0,"14":0,"15":0,"16":0,"17":0,"18":0,"19":0,"20":0,"21":0,"22":0,"23":0,"24":0,"25":0,"26":0,"27":0,"28":0,"29":0,"30":0,"31":0,"32":0,"33":0,"34":0,"35":0,"36":0,"37":0,"38":0,"39":0,"40":0,"41":0,"42":0,"43":0,"44":0,"45":0,"46":0,"47":0,"48":0,"49":0,"50":0,"51":0,"52":0,"53":0,"54":0,"55":0,"56":0,"57":0,"58":0,"59":0,"60":0,"61":0,"62":0,"63":0,"64":0,"65":0,"66":0,"67":0,"68":0,"69":0,"70":0},"f":{"0":0,"1":0,"2":0,"3":0,"4":0,"5":0},"b":{"0":[0,0],"1":[0,0]}}
,"C:\\Users\\apple\\GitHub\\Echo\\server\\server.js": {"path":"C:\\Users\\apple\\GitHub\\Echo\\server\\server.js","statementMap":{"0":{"start":{"line":1,"column":16},"end":{"line":1,"column":34}},"1":{"start":{"line":2,"column":13},"end":{"line":2,"column":28}},"2":{"start":{"line":3,"column":17},"end":{"line":3,"column":36}},"3":{"start":{"line":4,"column":15},"end":{"line":4,"column":32}},"4":{"start":{"line":5,"column":13},"end":{"line":5,"column":28}},"5":{"start":{"line":6,"column":29},"end":{"line":6,"column":49}},"6":{"start":{"line":7,"column":35},"end":{"line":7,"column":63}},"7":{"start":{"line":9,"column":0},"end":{"line":9,"column":60}},"8":{"start":{"line":11,"column":12},"end":{"line":11,"column":21}},"9":{"start":{"line":12,"column":13},"end":{"line":12,"column":48}},"10":{"start":{"line":14,"column":0},"end":{"line":14,"column":16}},"11":{"start":{"line":15,"column":0},"end":{"line":15,"column":24}},"12":{"start":{"line":16,"column":0},"end":{"line":16,"column":56}},"13":{"start":{"line":18,"column":19},"end":{"line":18,"column":43}},"14":{"start":{"line":19,"column":19},"end":{"line":19,"column":43}},"15":{"start":{"line":20,"column":22},"end":{"line":20,"column":49}},"16":{"start":{"line":21,"column":20},"end":{"line":21,"column":45}},"17":{"start":{"line":22,"column":23},"end":{"line":22,"column":49}},"18":{"start":{"line":24,"column":0},"end":{"line":24,"column":33}},"19":{"start":{"line":25,"column":0},"end":{"line":25,"column":33}},"20":{"start":{"line":26,"column":0},"end":{"line":26,"column":39}},"21":{"start":{"line":27,"column":0},"end":{"line":27,"column":35}},"22":{"start":{"line":28,"column":0},"end":{"line":28,"column":39}},"23":{"start":{"line":29,"column":0},"end":{"line":36,"column":2}},"24":{"start":{"line":38,"column":0},"end":{"line":49,"column":1}},"25":{"start":{"line":39,"column":2},"end":{"line":48,"column":66}},"26":{"start":{"line":42,"column":6},"end":{"line":42,"column":37}},"27":{"start":{"line":43,"column":6},"end":{"line":43,"column":36}},"28":{"start":{"line":44,"column":6},"end":{"line":46,"column":9}},"29":{"start":{"line":45,"column":8},"end":{"line":45,"column":66}},"30":{"start":{"line":48,"column":18},"end":{"line":48,"column":64}},"31":{"start":{"line":51,"column":0},"end":{"line":51,"column":21}}},"fnMap":{"0":{"name":"(anonymous_0)","decl":{"start":{"line":41,"column":10},"end":{"line":41,"column":11}},"loc":{"start":{"line":41,"column":16},"end":{"line":47,"column":5}},"line":41},"1":{"name":"(anonymous_1)","decl":{"start":{"line":44,"column":23},"end":{"line":44,"column":24}},"loc":{"start":{"line":44,"column":29},"end":{"line":46,"column":7}},"line":44},"2":{"name":"(anonymous_2)","decl":{"start":{"line":48,"column":11},"end":{"line":48,"column":12}},"loc":{"start":{"line":48,"column":18},"end":{"line":48,"column":64}},"line":48}},"branchMap":{"0":{"loc":{"start":{"line":12,"column":13},"end":{"line":12,"column":48}},"type":"binary-expr","locations":[{"start":{"line":12,"column":13},"end":{"line":12,"column":40}},{"start":{"line":12,"column":44},"end":{"line":12,"column":48}}],"line":12},"1":{"loc":{"start":{"line":38,"column":0},"end":{"line":49,"column":1}},"type":"if","locations":[{"start":{"line":38,"column":0},"end":{"line":49,"column":1}},{"start":{},"end":{}}],"line":38},"2":{"loc":{"start":{"line":40,"column":13},"end":{"line":40,"column":72}},"type":"binary-expr","locations":[{"start":{"line":40,"column":13},"end":{"line":40,"column":34}},{"start":{"line":40,"column":38},"end":{"line":40,"column":72}}],"line":40}},"s":{"0":1,"1":1,"2":1,"3":1,"4":1,"5":1,"6":1,"7":1,"8":1,"9":1,"10":1,"11":1,"12":1,"13":1,"14":1,"15":1,"16":1,"17":1,"18":1,"19":1,"20":1,"21":1,"22":1,"23":1,"24":1,"25":0,"26":0,"27":0,"28":0,"29":0,"30":0,"31":1},"f":{"0":0,"1":0,"2":0},"b":{"0":[1,0],"1":[0,1],"2":[0,0]},"_coverageSchema":"1a1c01bbd47fc00a2c39e90264f33305004495a9","hash":"302b136f6cdc2c798b13f2b599e2b32f6e42856c"}
,"C:\\Users\\apple\\GitHub\\Echo\\server\\swagger.js": {"path":"C:\\Users\\apple\\GitHub\\Echo\\server\\swagger.js","statementMap":{"0":{"start":{"line":1,"column":21},"end":{"line":1,"column":45}},"1":{"start":{"line":2,"column":18},"end":{"line":2,"column":47}},"2":{"start":{"line":4,"column":16},"end":{"line":122,"column":1}},"3":{"start":{"line":124,"column":14},"end":{"line":124,"column":35}},"4":{"start":{"line":126,"column":0},"end":{"line":129,"column":2}}},"fnMap":{},"branchMap":{},"s":{"0":1,"1":1,"2":1,"3":1,"4":1},"f":{},"b":{},"_coverageSchema":"1a1c01bbd47fc00a2c39e90264f33305004495a9","hash":"8954ff3251f486c148fa1a88a6f015380670447c"}
,"C:\\Users\\apple\\GitHub\\Echo\\server\\cron\\dailyMatch.js": {"path":"C:\\Users\\apple\\GitHub\\Echo\\server\\cron\\dailyMatch.js","statementMap":{"0":{"start":{"line":1,"column":13},"end":{"line":1,"column":33}},"1":{"start":{"line":2,"column":17},"end":{"line":2,"column":42}},"2":{"start":{"line":3,"column":14},"end":{"line":3,"column":40}},"3":{"start":{"line":4,"column":24},"end":{"line":4,"column":60}},"4":{"start":{"line":9,"column":8},"end":{"line":19,"column":11}},"5":{"start":{"line":10,"column":12},"end":{"line":10,"column":80}},"6":{"start":{"line":11,"column":12},"end":{"line":15,"column":13}},"7":{"start":{"line":12,"column":16},"end":{"line":12,"column":61}},"8":{"start":{"line":14,"column":16},"end":{"line":14,"column":76}},"9":{"start":{"line":21,"column":8},"end":{"line":21,"column":56}},"10":{"start":{"line":27,"column":8},"end":{"line":67,"column":9}},"11":{"start":{"line":28,"column":26},"end":{"line":28,"column":45}},"12":{"start":{"line":29,"column":26},"end":{"line":29,"column":36}},"13":{"start":{"line":30,"column":12},"end":{"line":30,"column":39}},"14":{"start":{"line":31,"column":33},"end":{"line":31,"column":48}},"15":{"start":{"line":32,"column":12},"end":{"line":32,"column":61}},"16":{"start":{"line":34,"column":12},"end":{"line":36,"column":15}},"17":{"start":{"line":38,"column":28},"end":{"line":38,"column":30}},"18":{"start":{"line":39,"column":35},"end":{"line":39,"column":44}},"19":{"start":{"line":41,"column":12},"end":{"line":53,"column":13}},"20":{"start":{"line":42,"column":16},"end":{"line":44,"column":17}},"21":{"start":{"line":43,"column":20},"end":{"line":43,"column":29}},"22":{"start":{"line":46,"column":30},"end":{"line":46,"column":104}},"23":{"start":{"line":47,"column":16},"end":{"line":52,"column":17}},"24":{"start":{"line":48,"column":20},"end":{"line":48,"column":40}},"25":{"start":{"line":50,"column":20},"end":{"line":50,"column":63}},"26":{"start":{"line":51,"column":20},"end":{"line":51,"column":63}},"27":{"start":{"line":55,"column":12},"end":{"line":60,"column":13}},"28":{"start":{"line":56,"column":16},"end":{"line":56,"column":48}},"29":{"start":{"line":57,"column":16},"end":{"line":57,"column":84}},"30":{"start":{"line":59,"column":16},"end":{"line":59,"column":56}},"31":{"start":{"line":62,"column":12},"end":{"line":62,"column":27}},"32":{"start":{"line":65,"column":12},"end":{"line":65,"column":66}},"33":{"start":{"line":66,"column":12},"end":{"line":66,"column":22}},"34":{"start":{"line":71,"column":8},"end":{"line":150,"column":9}},"35":{"start":{"line":72,"column":36},"end":{"line":72,"column":85}},"36":{"start":{"line":73,"column":30},"end":{"line":73,"column":90}},"37":{"start":{"line":73,"column":68},"end":{"line":73,"column":89}},"38":{"start":{"line":75,"column":35},"end":{"line":79,"column":13}},"39":{"start":{"line":76,"column":16},"end":{"line":78,"column":53}},"40":{"start":{"line":81,"column":12},"end":{"line":83,"column":13}},"41":{"start":{"line":82,"column":16},"end":{"line":82,"column":28}},"42":{"start":{"line":85,"column":34},"end":{"line":91,"column":14}},"43":{"start":{"line":93,"column":34},"end":{"line":93,"column":43}},"44":{"start":{"line":94,"column":12},"end":{"line":102,"column":15}},"45":{"start":{"line":95,"column":32},"end":{"line":95,"column":78}},"46":{"start":{"line":96,"column":36},"end":{"line":96,"column":93}},"47":{"start":{"line":98,"column":16},"end":{"line":101,"column":17}},"48":{"start":{"line":100,"column":20},"end":{"line":100,"column":51}},"49":{"start":{"line":104,"column":34},"end":{"line":106,"column":13}},"50":{"start":{"line":105,"column":16},"end":{"line":105,"column":52}},"51":{"start":{"line":108,"column":12},"end":{"line":110,"column":13}},"52":{"start":{"line":109,"column":16},"end":{"line":109,"column":28}},"53":{"start":{"line":112,"column":37},"end":{"line":117,"column":38}},"54":{"start":{"line":119,"column":28},"end":{"line":119,"column":32}},"55":{"start":{"line":120,"column":31},"end":{"line":120,"column":33}},"56":{"start":{"line":122,"column":12},"end":{"line":133,"column":13}},"57":{"start":{"line":123,"column":36},"end":{"line":125,"column":33}},"58":{"start":{"line":127,"column":34},"end":{"line":127,"column":102}},"59":{"start":{"line":127,"column":58},"end":{"line":127,"column":101}},"60":{"start":{"line":129,"column":16},"end":{"line":132,"column":17}},"61":{"start":{"line":130,"column":20},"end":{"line":130,"column":47}},"62":{"start":{"line":131,"column":20},"end":{"line":131,"column":42}},"63":{"start":{"line":135,"column":12},"end":{"line":143,"column":13}},"64":{"start":{"line":136,"column":30},"end":{"line":136,"column":81}},"65":{"start":{"line":137,"column":30},"end":{"line":137,"column":81}},"66":{"start":{"line":139,"column":16},"end":{"line":142,"column":19}},"67":{"start":{"line":145,"column":12},"end":{"line":145,"column":24}},"68":{"start":{"line":148,"column":12},"end":{"line":148,"column":76}},"69":{"start":{"line":149,"column":12},"end":{"line":149,"column":24}},"70":{"start":{"line":154,"column":0},"end":{"line":157,"column":2}}},"fnMap":{"0":{"name":"(anonymous_0)","decl":{"start":{"line":8,"column":4},"end":{"line":8,"column":5}},"loc":{"start":{"line":8,"column":18},"end":{"line":22,"column":5}},"line":8},"1":{"name":"(anonymous_1)","decl":{"start":{"line":9,"column":35},"end":{"line":9,"column":36}},"loc":{"start":{"line":9,"column":47},"end":{"line":16,"column":9}},"line":9},"2":{"name":"(anonymous_2)","decl":{"start":{"line":26,"column":4},"end":{"line":26,"column":5}},"loc":{"start":{"line":26,"column":40},"end":{"line":68,"column":5}},"line":26},"3":{"name":"(anonymous_3)","decl":{"start":{"line":70,"column":4},"end":{"line":70,"column":5}},"loc":{"start":{"line":70,"column":84},"end":{"line":151,"column":5}},"line":70},"4":{"name":"(anonymous_4)","decl":{"start":{"line":73,"column":58},"end":{"line":73,"column":59}},"loc":{"start":{"line":73,"column":68},"end":{"line":73,"column":89}},"line":73},"5":{"name":"(anonymous_5)","decl":{"start":{"line":75,"column":51},"end":{"line":75,"column":52}},"loc":{"start":{"line":76,"column":16},"end":{"line":78,"column":53}},"line":76},"6":{"name":"(anonymous_6)","decl":{"start":{"line":94,"column":34},"end":{"line":94,"column":35}},"loc":{"start":{"line":94,"column":43},"end":{"line":102,"column":13}},"line":94},"7":{"name":"(anonymous_7)","decl":{"start":{"line":104,"column":56},"end":{"line":104,"column":57}},"loc":{"start":{"line":105,"column":16},"end":{"line":105,"column":52}},"line":105},"8":{"name":"(anonymous_8)","decl":{"start":{"line":127,"column":53},"end":{"line":127,"column":54}},"loc":{"start":{"line":127,"column":58},"end":{"line":127,"column":101}},"line":127}},"branchMap":{"0":{"loc":{"start":{"line":42,"column":16},"end":{"line":44,"column":17}},"type":"if","locations":[{"start":{"line":42,"column":16},"end":{"line":44,"column":17}},{"start":{},"end":{}}],"line":42},"1":{"loc":{"start":{"line":47,"column":16},"end":{"line":52,"column":17}},"type":"if","locations":[{"start":{"line":47,"column":16},"end":{"line":52,"column":17}},{"start":{},"end":{}}],"line":47},"2":{"loc":{"start":{"line":55,"column":12},"end":{"line":60,"column":13}},"type":"if","locations":[{"start":{"line":55,"column":12},"end":{"line":60,"column":13}},{"start":{"line":58,"column":19},"end":{"line":60,"column":13}}],"line":55},"3":{"loc":{"start":{"line":76,"column":16},"end":{"line":78,"column":53}},"type":"binary-expr","locations":[{"start":{"line":76,"column":16},"end":{"line":76,"column":56}},{"start":{"line":77,"column":16},"end":{"line":77,"column":53}},{"start":{"line":78,"column":16},"end":{"line":78,"column":53}}],"line":76},"4":{"loc":{"start":{"line":81,"column":12},"end":{"line":83,"column":13}},"type":"if","locations":[{"start":{"line":81,"column":12},"end":{"line":83,"column":13}},{"start":{},"end":{}}],"line":81},"5":{"loc":{"start":{"line":96,"column":36},"end":{"line":96,"column":93}},"type":"cond-expr","locations":[{"start":{"line":96,"column":46},"end":{"line":96,"column":68}},{"start":{"line":96,"column":71},"end":{"line":96,"column":93}}],"line":96},"6":{"loc":{"start":{"line":98,"column":16},"end":{"line":101,"column":17}},"type":"if","locations":[{"start":{"line":98,"column":16},"end":{"line":101,"column":17}},{"start":{},"end":{}}],"line":98},"7":{"loc":{"start":{"line":98,"column":20},"end":{"line":99,"column":64}},"type":"binary-expr","locations":[{"start":{"line":98,"column":21},"end":{"line":98,"column":28}},{"start":{"line":98,"column":32},"end":{"line":98,"column":62}},{"start":{"line":99,"column":21},"end":{"line":99,"column":29}},{"start":{"line":99,"column":33},"end":{"line":99,"column":63}}],"line":98},"8":{"loc":{"start":{"line":108,"column":12},"end":{"line":110,"column":13}},"type":"if","locations":[{"start":{"line":108,"column":12},"end":{"line":110,"column":13}},{"start":{},"end":{}}],"line":108},"9":{"loc":{"start":{"line":123,"column":36},"end":{"line":125,"column":33}},"type":"cond-expr","locations":[{"start":{"line":124,"column":22},"end":{"line":124,"column":33}},{"start":{"line":125,"column":22},"end":{"line":125,"column":33}}],"line":123},"10":{"loc":{"start":{"line":129,"column":16},"end":{"line":132,"column":17}},"type":"if","locations":[{"start":{"line":129,"column":16},"end":{"line":132,"column":17}},{"start":{},"end":{}}],"line":129},"11":{"loc":{"start":{"line":129,"column":20},"end":{"line":129,"column":59}},"type":"binary-expr","locations":[{"start":{"line":129,"column":20},"end":{"line":129,"column":29}},{"start":{"line":129,"column":33},"end":{"line":129,"column":59}}],"line":129},"12":{"loc":{"start":{"line":135,"column":12},"end":{"line":143,"column":13}},"type":"if","locations":[{"start":{"line":135,"column":12},"end":{"line":143,"column":13}},{"start":{},"end":{}}],"line":135},"13":{"loc":{"start":{"line":136,"column":30},"end":{"line":136,"column":81}},"type":"cond-expr","locations":[{"start":{"line":136,"column":57},"end":{"line":136,"column":65}},{"start":{"line":136,"column":68},"end":{"line":136,"column":81}}],"line":136},"14":{"loc":{"start":{"line":137,"column":30},"end":{"line":137,"column":81}},"type":"cond-expr","locations":[{"start":{"line":137,"column":57},"end":{"line":137,"column":65}},{"start":{"line":137,"column":68},"end":{"line":137,"column":81}}],"line":137}},"s":{"0":1,"1":1,"2":1,"3":1,"4":0,"5":0,"6":0,"7":0,"8":0,"9":0,"10":0,"11":0,"12":0,"13":0,"14":0,"15":0,"16":0,"17":0,"18":0,"19":0,"20":0,"21":0,"22":0,"23":0,"24":0,"25":0,"26":0,"27":0,"28":0,"29":0,"30":0,"31":0,"32":0,"33":0,"34":0,"35":0,"36":0,"37":0,"38":0,"39":0,"40":0,"41":0,"42":0,"43":0,"44":0,"45":0,"46":0,"47":0,"48":0,"49":0,"50":0,"51":0,"52":0,"53":0,"54":0,"55":0,"56":0,"57":0,"58":0,"59":0,"60":0,"61":0,"62":0,"63":0,"64":0,"65":0,"66":0,"67":0,"68":0,"69":0,"70":1},"f":{"0":0,"1":0,"2":0,"3":0,"4":0,"5":0,"6":0,"7":0,"8":0},"b":{"0":[0,0],"1":[0,0],"2":[0,0],"3":[0,0,0],"4":[0,0],"5":[0,0],"6":[0,0],"7":[0,0,0,0],"8":[0,0],"9":[0,0],"10":[0,0],"11":[0,0],"12":[0,0],"13":[0,0],"14":[0,0]},"_coverageSchema":"1a1c01bbd47fc00a2c39e90264f33305004495a9","hash":"8180c3417e7da7b92540be80f2de4183bc48f2a8"}
,"C:\\Users\\apple\\GitHub\\Echo\\server\\models\\Match.js": {"path":"C:\\Users\\apple\\GitHub\\Echo\\server\\models\\Match.js","statementMap":{"0":{"start":{"line":1,"column":17},"end":{"line":1,"column":36}},"1":{"start":{"line":3,"column":20},"end":{"line":10,"column":24}},"2":{"start":{"line":12,"column":0},"end":{"line":12,"column":55}}},"fnMap":{},"branchMap":{},"s":{"0":1,"1":1,"2":1},"f":{},"b":{},"_coverageSchema":"1a1c01bbd47fc00a2c39e90264f33305004495a9","hash":"a3e9c0c84660e10abdff090da2eb4189e7fda12a"}
,"C:\\Users\\apple\\GitHub\\Echo\\server\\models\\Message.js": {"path":"C:\\Users\\apple\\GitHub\\Echo\\server\\models\\Message.js","statementMap":{"0":{"start":{"line":1,"column":17},"end":{"line":1,"column":36}},"1":{"start":{"line":3,"column":22},"end":{"line":8,"column":24}},"2":{"start":{"line":10,"column":0},"end":{"line":10,"column":58}}},"fnMap":{},"branchMap":{},"s":{"0":1,"1":1,"2":1},"f":{},"b":{},"_coverageSchema":"1a1c01bbd47fc00a2c39e90264f33305004495a9","hash":"e6e56d51ab32d3eeaae3c586880b0124b05b7feb"}
,"C:\\Users\\apple\\GitHub\\Echo\\server\\models\\SimilarityScore.js": {"path":"C:\\Users\\apple\\GitHub\\Echo\\server\\models\\SimilarityScore.js","statementMap":{"0":{"start":{"line":1,"column":17},"end":{"line":1,"column":36}},"1":{"start":{"line":3,"column":30},"end":{"line":8,"column":24}},"2":{"start":{"line":10,"column":0},"end":{"line":10,"column":74}}},"fnMap":{},"branchMap":{},"s":{"0":2,"1":2,"2":2},"f":{},"b":{},"_coverageSchema":"1a1c01bbd47fc00a2c39e90264f33305004495a9","hash":"118099565653184daf81a27a7e7de6d69141e143"}
,"C:\\Users\\apple\\GitHub\\Echo\\server\\models\\User.js": {"path":"C:\\Users\\apple\\GitHub\\Echo\\server\\models\\User.js","statementMap":{"0":{"start":{"line":1,"column":17},"end":{"line":1,"column":36}},"1":{"start":{"line":2,"column":24},"end":{"line":2,"column":52}},"2":{"start":{"line":4,"column":19},"end":{"line":29,"column":24}},"3":{"start":{"line":31,"column":23},"end":{"line":31,"column":156}},"4":{"start":{"line":33,"column":33},"end":{"line":86,"column":1}},"5":{"start":{"line":34,"column":4},"end":{"line":85,"column":5}},"6":{"start":{"line":35,"column":21},"end":{"line":35,"column":43}},"7":{"start":{"line":37,"column":21},"end":{"line":37,"column":53}},"8":{"start":{"line":38,"column":8},"end":{"line":41,"column":9}},"9":{"start":{"line":39,"column":12},"end":{"line":39,"column":49}},"10":{"start":{"line":40,"column":12},"end":{"line":40,"column":25}},"11":{"start":{"line":43,"column":27},"end":{"line":43,"column":65}},"12":{"start":{"line":45,"column":8},"end":{"line":80,"column":9}},"13":{"start":{"line":46,"column":26},"end":{"line":46,"column":69}},"14":{"start":{"line":47,"column":26},"end":{"line":47,"column":69}},"15":{"start":{"line":49,"column":34},"end":{"line":49,"column":36}},"16":{"start":{"line":51,"column":12},"end":{"line":60,"column":15}},"17":{"start":{"line":52,"column":16},"end":{"line":59,"column":17}},"18":{"start":{"line":53,"column":20},"end":{"line":55,"column":22}},"19":{"start":{"line":54,"column":24},"end":{"line":54,"column":58}},"20":{"start":{"line":57,"column":20},"end":{"line":58,"column":54}},"21":{"start":{"line":62,"column":12},"end":{"line":64,"column":21}},"22":{"start":{"line":63,"column":16},"end":{"line":63,"column":70}},"23":{"start":{"line":66,"column":12},"end":{"line":79,"column":14}},"24":{"start":{"line":81,"column":8},"end":{"line":81,"column":20}},"25":{"start":{"line":83,"column":8},"end":{"line":83,"column":107}},"26":{"start":{"line":84,"column":8},"end":{"line":84,"column":21}},"27":{"start":{"line":88,"column":0},"end":{"line":102,"column":3}},"28":{"start":{"line":89,"column":4},"end":{"line":101,"column":5}},"29":{"start":{"line":90,"column":8},"end":{"line":90,"column":28}},"30":{"start":{"line":90,"column":21},"end":{"line":90,"column":28}},"31":{"start":{"line":92,"column":23},"end":{"line":92,"column":39}},"32":{"start":{"line":93,"column":30},"end":{"line":93,"column":60}},"33":{"start":{"line":94,"column":26},"end":{"line":94,"column":85}},"34":{"start":{"line":94,"column":54},"end":{"line":94,"column":84}},"35":{"start":{"line":96,"column":8},"end":{"line":98,"column":9}},"36":{"start":{"line":97,"column":12},"end":{"line":97,"column":70}},"37":{"start":{"line":100,"column":8},"end":{"line":100,"column":106}},"38":{"start":{"line":104,"column":0},"end":{"line":117,"column":3}},"39":{"start":{"line":105,"column":4},"end":{"line":116,"column":5}},"40":{"start":{"line":106,"column":23},"end":{"line":106,"column":51}},"41":{"start":{"line":107,"column":26},"end":{"line":109,"column":9}},"42":{"start":{"line":108,"column":12},"end":{"line":108,"column":61}},"43":{"start":{"line":111,"column":8},"end":{"line":113,"column":9}},"44":{"start":{"line":112,"column":12},"end":{"line":112,"column":68}},"45":{"start":{"line":115,"column":8},"end":{"line":115,"column":94}},"46":{"start":{"line":119,"column":0},"end":{"line":122,"column":2}}},"fnMap":{"0":{"name":"(anonymous_0)","decl":{"start":{"line":33,"column":33},"end":{"line":33,"column":34}},"loc":{"start":{"line":33,"column":48},"end":{"line":86,"column":1}},"line":33},"1":{"name":"(anonymous_1)","decl":{"start":{"line":51,"column":35},"end":{"line":51,"column":36}},"loc":{"start":{"line":51,"column":44},"end":{"line":60,"column":13}},"line":51},"2":{"name":"(anonymous_2)","decl":{"start":{"line":53,"column":75},"end":{"line":53,"column":76}},"loc":{"start":{"line":54,"column":24},"end":{"line":54,"column":58}},"line":54},"3":{"name":"(anonymous_3)","decl":{"start":{"line":62,"column":70},"end":{"line":62,"column":71}},"loc":{"start":{"line":63,"column":16},"end":{"line":63,"column":70}},"line":63},"4":{"name":"(anonymous_4)","decl":{"start":{"line":88,"column":36},"end":{"line":88,"column":37}},"loc":{"start":{"line":88,"column":60},"end":{"line":102,"column":1}},"line":88},"5":{"name":"(anonymous_5)","decl":{"start":{"line":94,"column":45},"end":{"line":94,"column":46}},"loc":{"start":{"line":94,"column":54},"end":{"line":94,"column":84}},"line":94},"6":{"name":"(anonymous_6)","decl":{"start":{"line":104,"column":24},"end":{"line":104,"column":25}},"loc":{"start":{"line":104,"column":46},"end":{"line":117,"column":1}},"line":104},"7":{"name":"(anonymous_7)","decl":{"start":{"line":107,"column":46},"end":{"line":107,"column":47}},"loc":{"start":{"line":108,"column":12},"end":{"line":108,"column":61}},"line":108}},"branchMap":{"0":{"loc":{"start":{"line":38,"column":8},"end":{"line":41,"column":9}},"type":"if","locations":[{"start":{"line":38,"column":8},"end":{"line":41,"column":9}},{"start":{},"end":{}}],"line":38},"1":{"loc":{"start":{"line":46,"column":26},"end":{"line":46,"column":69}},"type":"cond-expr","locations":[{"start":{"line":46,"column":53},"end":{"line":46,"column":57}},{"start":{"line":46,"column":60},"end":{"line":46,"column":69}}],"line":46},"2":{"loc":{"start":{"line":47,"column":26},"end":{"line":47,"column":69}},"type":"cond-expr","locations":[{"start":{"line":47,"column":53},"end":{"line":47,"column":57}},{"start":{"line":47,"column":60},"end":{"line":47,"column":69}}],"line":47},"3":{"loc":{"start":{"line":52,"column":16},"end":{"line":59,"column":17}},"type":"if","locations":[{"start":{"line":52,"column":16},"end":{"line":59,"column":17}},{"start":{"line":56,"column":23},"end":{"line":59,"column":17}}],"line":52},"4":{"loc":{"start":{"line":63,"column":16},"end":{"line":63,"column":70}},"type":"binary-expr","locations":[{"start":{"line":63,"column":16},"end":{"line":63,"column":28}},{"start":{"line":63,"column":33},"end":{"line":63,"column":51}},{"start":{"line":63,"column":55},"end":{"line":63,"column":69}}],"line":63},"5":{"loc":{"start":{"line":90,"column":8},"end":{"line":90,"column":28}},"type":"if","locations":[{"start":{"line":90,"column":8},"end":{"line":90,"column":28}},{"start":{},"end":{}}],"line":90},"6":{"loc":{"start":{"line":93,"column":42},"end":{"line":93,"column":59}},"type":"binary-expr","locations":[{"start":{"line":93,"column":42},"end":{"line":93,"column":53}},{"start":{"line":93,"column":57},"end":{"line":93,"column":59}}],"line":93},"7":{"loc":{"start":{"line":96,"column":8},"end":{"line":98,"column":9}},"type":"if","locations":[{"start":{"line":96,"column":8},"end":{"line":98,"column":9}},{"start":{},"end":{}}],"line":96},"8":{"loc":{"start":{"line":106,"column":35},"end":{"line":106,"column":50}},"type":"binary-expr","locations":[{"start":{"line":106,"column":35},"end":{"line":106,"column":44}},{"start":{"line":106,"column":48},"end":{"line":106,"column":50}}],"line":106},"9":{"loc":{"start":{"line":108,"column":12},"end":{"line":108,"column":61}},"type":"binary-expr","locations":[{"start":{"line":108,"column":12},"end":{"line":108,"column":37}},{"start":{"line":108,"column":41},"end":{"line":108,"column":61}}],"line":108},"10":{"loc":{"start":{"line":111,"column":8},"end":{"line":113,"column":9}},"type":"if","locations":[{"start":{"line":111,"column":8},"end":{"line":113,"column":9}},{"start":{},"end":{}}],"line":111}},"s":{"0":1,"1":1,"2":1,"3":1,"4":1,"5":0,"6":0,"7":0,"8":0,"9":0,"10":0,"11":0,"12":0,"13":0,"14":0,"15":0,"16":0,"17":0,"18":0,"19":0,"20":0,"21":0,"22":0,"23":0,"24":0,"25":0,"26":0,"27":1,"28":0,"29":0,"30":0,"31":0,"32":0,"33":0,"34":0,"35":0,"36":0,"37":0,"38":1,"39":0,"40":0,"41":0,"42":0,"43":0,"44":0,"45":0,"46":1},"f":{"0":0,"1":0,"2":0,"3":0,"4":0,"5":0,"6":0,"7":0},"b":{"0":[0,0],"1":[0,0],"2":[0,0],"3":[0,0],"4":[0,0,0],"5":[0,0],"6":[0,0],"7":[0,0],"8":[0,0],"9":[0,0],"10":[0,0]},"_coverageSchema":"1a1c01bbd47fc00a2c39e90264f33305004495a9","hash":"82926dab911bbedd59d3cbd8fa0bb9760085aff7"}
,"C:\\Users\\apple\\GitHub\\Echo\\server\\routes\\auth.js": {"path":"C:\\Users\\apple\\GitHub\\Echo\\server\\routes\\auth.js","statementMap":{"0":{"start":{"line":1,"column":16},"end":{"line":1,"column":34}},"1":{"start":{"line":2,"column":15},"end":{"line":2,"column":31}},"2":{"start":{"line":3,"column":17},"end":{"line":3,"column":42}},"3":{"start":{"line":123,"column":0},"end":{"line":165,"column":3}},"4":{"start":{"line":124,"column":4},"end":{"line":164,"column":5}},"5":{"start":{"line":125,"column":47},"end":{"line":125,"column":55}},"6":{"start":{"line":127,"column":8},"end":{"line":132,"column":9}},"7":{"start":{"line":128,"column":12},"end":{"line":131,"column":15}},"8":{"start":{"line":134,"column":19},"end":{"line":134,"column":46}},"9":{"start":{"line":136,"column":8},"end":{"line":157,"column":9}},"10":{"start":{"line":137,"column":12},"end":{"line":141,"column":15}},"11":{"start":{"line":143,"column":12},"end":{"line":149,"column":14}},"12":{"start":{"line":151,"column":12},"end":{"line":151,"column":30}},"13":{"start":{"line":152,"column":12},"end":{"line":156,"column":15}},"14":{"start":{"line":159,"column":8},"end":{"line":159,"column":52}},"15":{"start":{"line":160,"column":8},"end":{"line":163,"column":11}},"16":{"start":{"line":244,"column":0},"end":{"line":266,"column":3}},"17":{"start":{"line":245,"column":4},"end":{"line":265,"column":5}},"18":{"start":{"line":246,"column":21},"end":{"line":246,"column":64}},"19":{"start":{"line":248,"column":8},"end":{"line":253,"column":9}},"20":{"start":{"line":249,"column":12},"end":{"line":252,"column":15}},"21":{"start":{"line":255,"column":8},"end":{"line":258,"column":10}},"22":{"start":{"line":260,"column":8},"end":{"line":260,"column":52}},"23":{"start":{"line":261,"column":8},"end":{"line":264,"column":11}},"24":{"start":{"line":268,"column":0},"end":{"line":268,"column":24}}},"fnMap":{"0":{"name":"(anonymous_0)","decl":{"start":{"line":123,"column":28},"end":{"line":123,"column":29}},"loc":{"start":{"line":123,"column":48},"end":{"line":165,"column":1}},"line":123},"1":{"name":"(anonymous_1)","decl":{"start":{"line":244,"column":25},"end":{"line":244,"column":26}},"loc":{"start":{"line":244,"column":45},"end":{"line":266,"column":1}},"line":244}},"branchMap":{"0":{"loc":{"start":{"line":127,"column":8},"end":{"line":132,"column":9}},"type":"if","locations":[{"start":{"line":127,"column":8},"end":{"line":132,"column":9}},{"start":{},"end":{}}],"line":127},"1":{"loc":{"start":{"line":127,"column":12},"end":{"line":127,"column":35}},"type":"binary-expr","locations":[{"start":{"line":127,"column":12},"end":{"line":127,"column":16}},{"start":{"line":127,"column":20},"end":{"line":127,"column":26}},{"start":{"line":127,"column":30},"end":{"line":127,"column":35}}],"line":127},"2":{"loc":{"start":{"line":136,"column":8},"end":{"line":157,"column":9}},"type":"if","locations":[{"start":{"line":136,"column":8},"end":{"line":157,"column":9}},{"start":{"line":142,"column":15},"end":{"line":157,"column":9}}],"line":136},"3":{"loc":{"start":{"line":248,"column":8},"end":{"line":253,"column":9}},"type":"if","locations":[{"start":{"line":248,"column":8},"end":{"line":253,"column":9}},{"start":{},"end":{}}],"line":248}},"s":{"0":1,"1":1,"2":1,"3":1,"4":0,"5":0,"6":0,"7":0,"8":0,"9":0,"10":0,"11":0,"12":0,"13":0,"14":0,"15":0,"16":1,"17":0,"18":0,"19":0,"20":0,"21":0,"22":0,"23":0,"24":1},"f":{"0":0,"1":0},"b":{"0":[0,0],"1":[0,0,0],"2":[0,0],"3":[0,0]},"_coverageSchema":"1a1c01bbd47fc00a2c39e90264f33305004495a9","hash":"368aec04f74bf9a6e533be98eea464948788b14a"}
,"C:\\Users\\apple\\GitHub\\Echo\\server\\routes\\match.js": {"path":"C:\\Users\\apple\\GitHub\\Echo\\server\\routes\\match.js","statementMap":{"0":{"start":{"line":1,"column":16},"end":{"line":1,"column":34}},"1":{"start":{"line":2,"column":15},"end":{"line":2,"column":31}},"2":{"start":{"line":3,"column":14},"end":{"line":3,"column":40}},"3":{"start":{"line":4,"column":16},"end":{"line":4,"column":44}},"4":{"start":{"line":5,"column":33},"end":{"line":5,"column":58}},"5":{"start":{"line":157,"column":0},"end":{"line":241,"column":3}},"6":{"start":{"line":158,"column":4},"end":{"line":240,"column":5}},"7":{"start":{"line":159,"column":20},"end":{"line":159,"column":34}},"8":{"start":{"line":160,"column":21},"end":{"line":160,"column":53}},"9":{"start":{"line":161,"column":8},"end":{"line":166,"column":9}},"10":{"start":{"line":162,"column":12},"end":{"line":165,"column":15}},"11":{"start":{"line":168,"column":22},"end":{"line":168,"column":32}},"12":{"start":{"line":169,"column":8},"end":{"line":169,"column":35}},"13":{"start":{"line":170,"column":22},"end":{"line":179,"column":10}},"14":{"start":{"line":181,"column":8},"end":{"line":186,"column":9}},"15":{"start":{"line":182,"column":12},"end":{"line":185,"column":15}},"16":{"start":{"line":188,"column":26},"end":{"line":188,"column":30}},"17":{"start":{"line":189,"column":8},"end":{"line":193,"column":9}},"18":{"start":{"line":190,"column":12},"end":{"line":190,"column":67}},"19":{"start":{"line":192,"column":12},"end":{"line":192,"column":67}},"20":{"start":{"line":195,"column":36},"end":{"line":204,"column":9}},"21":{"start":{"line":206,"column":8},"end":{"line":212,"column":11}},"22":{"start":{"line":207,"column":12},"end":{"line":211,"column":13}},"23":{"start":{"line":210,"column":16},"end":{"line":210,"column":57}},"24":{"start":{"line":214,"column":8},"end":{"line":216,"column":9}},"25":{"start":{"line":215,"column":12},"end":{"line":215,"column":57}},"26":{"start":{"line":218,"column":8},"end":{"line":225,"column":9}},"27":{"start":{"line":219,"column":36},"end":{"line":221,"column":13}},"28":{"start":{"line":220,"column":16},"end":{"line":220,"column":56}},"29":{"start":{"line":222,"column":12},"end":{"line":224,"column":13}},"30":{"start":{"line":223,"column":16},"end":{"line":223,"column":70}},"31":{"start":{"line":227,"column":8},"end":{"line":233,"column":10}},"32":{"start":{"line":235,"column":8},"end":{"line":235,"column":52}},"33":{"start":{"line":236,"column":8},"end":{"line":239,"column":10}},"34":{"start":{"line":300,"column":0},"end":{"line":384,"column":3}},"35":{"start":{"line":301,"column":4},"end":{"line":383,"column":5}},"36":{"start":{"line":302,"column":20},"end":{"line":302,"column":34}},"37":{"start":{"line":303,"column":29},"end":{"line":303,"column":37}},"38":{"start":{"line":305,"column":21},"end":{"line":305,"column":53}},"39":{"start":{"line":306,"column":8},"end":{"line":311,"column":9}},"40":{"start":{"line":307,"column":12},"end":{"line":310,"column":15}},"41":{"start":{"line":313,"column":22},"end":{"line":313,"column":32}},"42":{"start":{"line":314,"column":8},"end":{"line":314,"column":35}},"43":{"start":{"line":315,"column":22},"end":{"line":324,"column":10}},"44":{"start":{"line":326,"column":8},"end":{"line":331,"column":9}},"45":{"start":{"line":327,"column":12},"end":{"line":330,"column":15}},"46":{"start":{"line":333,"column":26},"end":{"line":333,"column":28}},"47":{"start":{"line":334,"column":8},"end":{"line":340,"column":9}},"48":{"start":{"line":335,"column":12},"end":{"line":335,"column":43}},"49":{"start":{"line":336,"column":12},"end":{"line":336,"column":38}},"50":{"start":{"line":338,"column":12},"end":{"line":338,"column":43}},"51":{"start":{"line":339,"column":12},"end":{"line":339,"column":38}},"52":{"start":{"line":342,"column":8},"end":{"line":342,"column":27}},"53":{"start":{"line":344,"column":29},"end":{"line":344,"column":60}},"54":{"start":{"line":345,"column":8},"end":{"line":371,"column":9}},"55":{"start":{"line":346,"column":12},"end":{"line":346,"column":49}},"56":{"start":{"line":348,"column":12},"end":{"line":348,"column":38}},"57":{"start":{"line":350,"column":30},"end":{"line":350,"column":70}},"58":{"start":{"line":352,"column":12},"end":{"line":355,"column":13}},"59":{"start":{"line":353,"column":16},"end":{"line":353,"column":47}},"60":{"start":{"line":354,"column":16},"end":{"line":354,"column":34}},"61":{"start":{"line":357,"column":12},"end":{"line":360,"column":13}},"62":{"start":{"line":358,"column":16},"end":{"line":358,"column":44}},"63":{"start":{"line":359,"column":16},"end":{"line":359,"column":39}},"64":{"start":{"line":362,"column":33},"end":{"line":366,"column":14}},"65":{"start":{"line":367,"column":12},"end":{"line":367,"column":38}},"66":{"start":{"line":368,"column":15},"end":{"line":371,"column":9}},"67":{"start":{"line":369,"column":12},"end":{"line":369,"column":48}},"68":{"start":{"line":370,"column":12},"end":{"line":370,"column":38}},"69":{"start":{"line":373,"column":8},"end":{"line":376,"column":11}},"70":{"start":{"line":378,"column":8},"end":{"line":378,"column":54}},"71":{"start":{"line":379,"column":8},"end":{"line":382,"column":10}},"72":{"start":{"line":386,"column":0},"end":{"line":386,"column":24}}},"fnMap":{"0":{"name":"(anonymous_0)","decl":{"start":{"line":157,"column":20},"end":{"line":157,"column":21}},"loc":{"start":{"line":157,"column":40},"end":{"line":241,"column":1}},"line":157},"1":{"name":"(anonymous_1)","decl":{"start":{"line":206,"column":31},"end":{"line":206,"column":32}},"loc":{"start":{"line":206,"column":40},"end":{"line":212,"column":9}},"line":206},"2":{"name":"(anonymous_2)","decl":{"start":{"line":219,"column":58},"end":{"line":219,"column":59}},"loc":{"start":{"line":220,"column":16},"end":{"line":220,"column":56}},"line":220},"3":{"name":"(anonymous_3)","decl":{"start":{"line":300,"column":22},"end":{"line":300,"column":23}},"loc":{"start":{"line":300,"column":42},"end":{"line":384,"column":1}},"line":300}},"branchMap":{"0":{"loc":{"start":{"line":161,"column":8},"end":{"line":166,"column":9}},"type":"if","locations":[{"start":{"line":161,"column":8},"end":{"line":166,"column":9}},{"start":{},"end":{}}],"line":161},"1":{"loc":{"start":{"line":181,"column":8},"end":{"line":186,"column":9}},"type":"if","locations":[{"start":{"line":181,"column":8},"end":{"line":186,"column":9}},{"start":{},"end":{}}],"line":181},"2":{"loc":{"start":{"line":189,"column":8},"end":{"line":193,"column":9}},"type":"if","locations":[{"start":{"line":189,"column":8},"end":{"line":193,"column":9}},{"start":{"line":191,"column":15},"end":{"line":193,"column":9}}],"line":189},"3":{"loc":{"start":{"line":207,"column":12},"end":{"line":211,"column":13}},"type":"if","locations":[{"start":{"line":207,"column":12},"end":{"line":211,"column":13}},{"start":{},"end":{}}],"line":207},"4":{"loc":{"start":{"line":207,"column":16},"end":{"line":209,"column":50}},"type":"binary-expr","locations":[{"start":{"line":207,"column":16},"end":{"line":207,"column":41}},{"start":{"line":208,"column":16},"end":{"line":208,"column":48}},{"start":{"line":209,"column":16},"end":{"line":209,"column":50}}],"line":207},"5":{"loc":{"start":{"line":214,"column":8},"end":{"line":216,"column":9}},"type":"if","locations":[{"start":{"line":214,"column":8},"end":{"line":216,"column":9}},{"start":{},"end":{}}],"line":214},"6":{"loc":{"start":{"line":218,"column":8},"end":{"line":225,"column":9}},"type":"if","locations":[{"start":{"line":218,"column":8},"end":{"line":225,"column":9}},{"start":{},"end":{}}],"line":218},"7":{"loc":{"start":{"line":218,"column":12},"end":{"line":218,"column":51}},"type":"binary-expr","locations":[{"start":{"line":218,"column":12},"end":{"line":218,"column":26}},{"start":{"line":218,"column":30},"end":{"line":218,"column":51}}],"line":218},"8":{"loc":{"start":{"line":222,"column":12},"end":{"line":224,"column":13}},"type":"if","locations":[{"start":{"line":222,"column":12},"end":{"line":224,"column":13}},{"start":{},"end":{}}],"line":222},"9":{"loc":{"start":{"line":306,"column":8},"end":{"line":311,"column":9}},"type":"if","locations":[{"start":{"line":306,"column":8},"end":{"line":311,"column":9}},{"start":{},"end":{}}],"line":306},"10":{"loc":{"start":{"line":326,"column":8},"end":{"line":331,"column":9}},"type":"if","locations":[{"start":{"line":326,"column":8},"end":{"line":331,"column":9}},{"start":{},"end":{}}],"line":326},"11":{"loc":{"start":{"line":334,"column":8},"end":{"line":340,"column":9}},"type":"if","locations":[{"start":{"line":334,"column":8},"end":{"line":340,"column":9}},{"start":{"line":337,"column":15},"end":{"line":340,"column":9}}],"line":334},"12":{"loc":{"start":{"line":345,"column":8},"end":{"line":371,"column":9}},"type":"if","locations":[{"start":{"line":345,"column":8},"end":{"line":371,"column":9}},{"start":{"line":368,"column":15},"end":{"line":371,"column":9}}],"line":345},"13":{"loc":{"start":{"line":345,"column":12},"end":{"line":345,"column":90}},"type":"binary-expr","locations":[{"start":{"line":345,"column":12},"end":{"line":345,"column":49}},{"start":{"line":345,"column":53},"end":{"line":345,"column":90}}],"line":345},"14":{"loc":{"start":{"line":352,"column":12},"end":{"line":355,"column":13}},"type":"if","locations":[{"start":{"line":352,"column":12},"end":{"line":355,"column":13}},{"start":{},"end":{}}],"line":352},"15":{"loc":{"start":{"line":357,"column":12},"end":{"line":360,"column":13}},"type":"if","locations":[{"start":{"line":357,"column":12},"end":{"line":360,"column":13}},{"start":{},"end":{}}],"line":357},"16":{"loc":{"start":{"line":368,"column":15},"end":{"line":371,"column":9}},"type":"if","locations":[{"start":{"line":368,"column":15},"end":{"line":371,"column":9}},{"start":{},"end":{}}],"line":368}},"s":{"0":1,"1":1,"2":1,"3":1,"4":1,"5":1,"6":0,"7":0,"8":0,"9":0,"10":0,"11":0,"12":0,"13":0,"14":0,"15":0,"16":0,"17":0,"18":0,"19":0,"20":0,"21":0,"22":0,"23":0,"24":0,"25":0,"26":0,"27":0,"28":0,"29":0,"30":0,"31":0,"32":0,"33":0,"34":1,"35":0,"36":0,"37":0,"38":0,"39":0,"40":0,"41":0,"42":0,"43":0,"44":0,"45":0,"46":0,"47":0,"48":0,"49":0,"50":0,"51":0,"52":0,"53":0,"54":0,"55":0,"56":0,"57":0,"58":0,"59":0,"60":0,"61":0,"62":0,"63":0,"64":0,"65":0,"66":0,"67":0,"68":0,"69":0,"70":0,"71":0,"72":1},"f":{"0":0,"1":0,"2":0,"3":0},"b":{"0":[0,0],"1":[0,0],"2":[0,0],"3":[0,0],"4":[0,0,0],"5":[0,0],"6":[0,0],"7":[0,0],"8":[0,0],"9":[0,0],"10":[0,0],"11":[0,0],"12":[0,0],"13":[0,0],"14":[0,0],"15":[0,0],"16":[0,0]},"_coverageSchema":"1a1c01bbd47fc00a2c39e90264f33305004495a9","hash":"917815527f3baffa167c63f545d6104b1191aed1"}
,"C:\\Users\\apple\\GitHub\\Echo\\server\\routes\\message.js": {"path":"C:\\Users\\apple\\GitHub\\Echo\\server\\routes\\message.js","statementMap":{"0":{"start":{"line":1,"column":16},"end":{"line":1,"column":34}},"1":{"start":{"line":2,"column":15},"end":{"line":2,"column":31}},"2":{"start":{"line":3,"column":16},"end":{"line":3,"column":44}},"3":{"start":{"line":4,"column":17},"end":{"line":4,"column":42}},"4":{"start":{"line":140,"column":0},"end":{"line":189,"column":3}},"5":{"start":{"line":141,"column":4},"end":{"line":188,"column":5}},"6":{"start":{"line":142,"column":37},"end":{"line":142,"column":46}},"7":{"start":{"line":143,"column":21},"end":{"line":143,"column":77}},"8":{"start":{"line":144,"column":22},"end":{"line":144,"column":80}},"9":{"start":{"line":145,"column":21},"end":{"line":145,"column":39}},"10":{"start":{"line":147,"column":43},"end":{"line":150,"column":10}},"11":{"start":{"line":151,"column":8},"end":{"line":156,"column":9}},"12":{"start":{"line":152,"column":12},"end":{"line":155,"column":15}},"13":{"start":{"line":158,"column":25},"end":{"line":167,"column":19}},"14":{"start":{"line":169,"column":8},"end":{"line":174,"column":9}},"15":{"start":{"line":170,"column":12},"end":{"line":173,"column":15}},"16":{"start":{"line":176,"column":30},"end":{"line":176,"column":48}},"17":{"start":{"line":178,"column":8},"end":{"line":181,"column":11}},"18":{"start":{"line":183,"column":8},"end":{"line":183,"column":50}},"19":{"start":{"line":184,"column":8},"end":{"line":187,"column":11}},"20":{"start":{"line":241,"column":0},"end":{"line":274,"column":3}},"21":{"start":{"line":242,"column":4},"end":{"line":273,"column":5}},"22":{"start":{"line":243,"column":50},"end":{"line":243,"column":58}},"23":{"start":{"line":245,"column":47},"end":{"line":248,"column":10}},"24":{"start":{"line":250,"column":8},"end":{"line":255,"column":9}},"25":{"start":{"line":251,"column":12},"end":{"line":254,"column":15}},"26":{"start":{"line":256,"column":27},"end":{"line":260,"column":10}},"27":{"start":{"line":262,"column":29},"end":{"line":262,"column":52}},"28":{"start":{"line":263,"column":8},"end":{"line":266,"column":11}},"29":{"start":{"line":268,"column":8},"end":{"line":268,"column":51}},"30":{"start":{"line":269,"column":8},"end":{"line":272,"column":11}},"31":{"start":{"line":276,"column":0},"end":{"line":276,"column":24}}},"fnMap":{"0":{"name":"(anonymous_0)","decl":{"start":{"line":140,"column":16},"end":{"line":140,"column":17}},"loc":{"start":{"line":140,"column":36},"end":{"line":189,"column":1}},"line":140},"1":{"name":"(anonymous_1)","decl":{"start":{"line":241,"column":17},"end":{"line":241,"column":18}},"loc":{"start":{"line":241,"column":37},"end":{"line":274,"column":1}},"line":241}},"branchMap":{"0":{"loc":{"start":{"line":143,"column":49},"end":{"line":143,"column":70}},"type":"binary-expr","locations":[{"start":{"line":143,"column":49},"end":{"line":143,"column":63}},{"start":{"line":143,"column":67},"end":{"line":143,"column":70}}],"line":143},"1":{"loc":{"start":{"line":144,"column":50},"end":{"line":144,"column":73}},"type":"binary-expr","locations":[{"start":{"line":144,"column":50},"end":{"line":144,"column":65}},{"start":{"line":144,"column":69},"end":{"line":144,"column":73}}],"line":144},"2":{"loc":{"start":{"line":151,"column":8},"end":{"line":156,"column":9}},"type":"if","locations":[{"start":{"line":151,"column":8},"end":{"line":156,"column":9}},{"start":{},"end":{}}],"line":151},"3":{"loc":{"start":{"line":151,"column":12},"end":{"line":151,"column":40}},"type":"binary-expr","locations":[{"start":{"line":151,"column":12},"end":{"line":151,"column":24}},{"start":{"line":151,"column":28},"end":{"line":151,"column":40}}],"line":151},"4":{"loc":{"start":{"line":169,"column":8},"end":{"line":174,"column":9}},"type":"if","locations":[{"start":{"line":169,"column":8},"end":{"line":174,"column":9}},{"start":{},"end":{}}],"line":169},"5":{"loc":{"start":{"line":169,"column":12},"end":{"line":169,"column":46}},"type":"binary-expr","locations":[{"start":{"line":169,"column":12},"end":{"line":169,"column":21}},{"start":{"line":169,"column":25},"end":{"line":169,"column":46}}],"line":169},"6":{"loc":{"start":{"line":250,"column":8},"end":{"line":255,"column":9}},"type":"if","locations":[{"start":{"line":250,"column":8},"end":{"line":255,"column":9}},{"start":{},"end":{}}],"line":250},"7":{"loc":{"start":{"line":250,"column":12},"end":{"line":250,"column":44}},"type":"binary-expr","locations":[{"start":{"line":250,"column":12},"end":{"line":250,"column":27}},{"start":{"line":250,"column":31},"end":{"line":250,"column":44}}],"line":250}},"s":{"0":1,"1":1,"2":1,"3":1,"4":1,"5":0,"6":0,"7":0,"8":0,"9":0,"10":0,"11":0,"12":0,"13":0,"14":0,"15":0,"16":0,"17":0,"18":0,"19":0,"20":1,"21":0,"22":0,"23":0,"24":0,"25":0,"26":0,"27":0,"28":0,"29":0,"30":0,"31":1},"f":{"0":0,"1":0},"b":{"0":[0,0],"1":[0,0],"2":[0,0],"3":[0,0],"4":[0,0],"5":[0,0],"6":[0,0],"7":[0,0]},"_coverageSchema":"1a1c01bbd47fc00a2c39e90264f33305004495a9","hash":"8cb54bffabd22c4bea263d023bd86bdd30d59bfa"}
,"C:\\Users\\apple\\GitHub\\Echo\\server\\routes\\upload.js": {"path":"C:\\Users\\apple\\GitHub\\Echo\\server\\routes\\upload.js","statementMap":{"0":{"start":{"line":1,"column":12},"end":{"line":1,"column":30}},"1":{"start":{"line":2,"column":15},"end":{"line":2,"column":42}},"2":{"start":{"line":4,"column":11},"end":{"line":8,"column":2}},"3":{"start":{"line":10,"column":0},"end":{"line":35,"column":3}},"4":{"start":{"line":11,"column":4},"end":{"line":34,"column":5}},"5":{"start":{"line":12,"column":39},"end":{"line":12,"column":48}},"6":{"start":{"line":14,"column":23},"end":{"line":19,"column":9}},"7":{"start":{"line":21,"column":29},"end":{"line":21,"column":78}},"8":{"start":{"line":23,"column":8},"end":{"line":27,"column":11}},"9":{"start":{"line":29,"column":8},"end":{"line":29,"column":64}},"10":{"start":{"line":30,"column":8},"end":{"line":33,"column":11}},"11":{"start":{"line":37,"column":0},"end":{"line":37,"column":24}}},"fnMap":{"0":{"name":"(anonymous_0)","decl":{"start":{"line":10,"column":29},"end":{"line":10,"column":30}},"loc":{"start":{"line":10,"column":49},"end":{"line":35,"column":1}},"line":10}},"branchMap":{},"s":{"0":1,"1":1,"2":1,"3":1,"4":0,"5":0,"6":0,"7":0,"8":0,"9":0,"10":0,"11":1},"f":{"0":0},"b":{},"_coverageSchema":"1a1c01bbd47fc00a2c39e90264f33305004495a9","hash":"dc0fba9a9151e507e70ccd826c64157f2407b95f"}
,"C:\\Users\\apple\\GitHub\\Echo\\server\\routes\\user.js": {"path":"C:\\Users\\apple\\GitHub\\Echo\\server\\routes\\user.js","statementMap":{"0":{"start":{"line":1,"column":16},"end":{"line":1,"column":34}},"1":{"start":{"line":2,"column":15},"end":{"line":2,"column":31}},"2":{"start":{"line":3,"column":17},"end":{"line":3,"column":42}},"3":{"start":{"line":4,"column":16},"end":{"line":4,"column":44}},"4":{"start":{"line":61,"column":0},"end":{"line":83,"column":3}},"5":{"start":{"line":62,"column":4},"end":{"line":82,"column":5}},"6":{"start":{"line":63,"column":21},"end":{"line":63,"column":64}},"7":{"start":{"line":65,"column":8},"end":{"line":70,"column":9}},"8":{"start":{"line":66,"column":12},"end":{"line":69,"column":15}},"9":{"start":{"line":72,"column":8},"end":{"line":75,"column":10}},"10":{"start":{"line":77,"column":8},"end":{"line":77,"column":56}},"11":{"start":{"line":78,"column":8},"end":{"line":81,"column":11}},"12":{"start":{"line":118,"column":0},"end":{"line":171,"column":3}},"13":{"start":{"line":119,"column":4},"end":{"line":170,"column":5}},"14":{"start":{"line":120,"column":21},"end":{"line":123,"column":9}},"15":{"start":{"line":125,"column":8},"end":{"line":130,"column":9}},"16":{"start":{"line":126,"column":12},"end":{"line":129,"column":15}},"17":{"start":{"line":132,"column":26},"end":{"line":132,"column":44}},"18":{"start":{"line":133,"column":39},"end":{"line":133,"column":41}},"19":{"start":{"line":135,"column":8},"end":{"line":151,"column":9}},"20":{"start":{"line":136,"column":27},"end":{"line":136,"column":64}},"21":{"start":{"line":137,"column":12},"end":{"line":150,"column":13}},"22":{"start":{"line":138,"column":36},"end":{"line":143,"column":42}},"23":{"start":{"line":145,"column":16},"end":{"line":149,"column":19}},"24":{"start":{"line":153,"column":8},"end":{"line":158,"column":11}},"25":{"start":{"line":154,"column":12},"end":{"line":154,"column":67}},"26":{"start":{"line":154,"column":58},"end":{"line":154,"column":67}},"27":{"start":{"line":155,"column":12},"end":{"line":155,"column":45}},"28":{"start":{"line":155,"column":36},"end":{"line":155,"column":45}},"29":{"start":{"line":156,"column":12},"end":{"line":156,"column":46}},"30":{"start":{"line":156,"column":36},"end":{"line":156,"column":46}},"31":{"start":{"line":157,"column":12},"end":{"line":157,"column":77}},"32":{"start":{"line":160,"column":8},"end":{"line":163,"column":10}},"33":{"start":{"line":165,"column":8},"end":{"line":165,"column":67}},"34":{"start":{"line":166,"column":8},"end":{"line":169,"column":11}},"35":{"start":{"line":320,"column":0},"end":{"line":405,"column":3}},"36":{"start":{"line":321,"column":4},"end":{"line":404,"column":5}},"37":{"start":{"line":342,"column":12},"end":{"line":342,"column":20}},"38":{"start":{"line":344,"column":32},"end":{"line":344,"column":46}},"39":{"start":{"line":345,"column":23},"end":{"line":345,"column":42}},"40":{"start":{"line":347,"column":27},"end":{"line":347,"column":69}},"41":{"start":{"line":348,"column":8},"end":{"line":353,"column":9}},"42":{"start":{"line":349,"column":12},"end":{"line":352,"column":15}},"43":{"start":{"line":355,"column":28},"end":{"line":385,"column":9}},"44":{"start":{"line":387,"column":8},"end":{"line":392,"column":9}},"45":{"start":{"line":388,"column":12},"end":{"line":391,"column":15}},"46":{"start":{"line":394,"column":8},"end":{"line":397,"column":11}},"47":{"start":{"line":399,"column":8},"end":{"line":399,"column":47}},"48":{"start":{"line":400,"column":8},"end":{"line":403,"column":10}},"49":{"start":{"line":407,"column":0},"end":{"line":407,"column":24}}},"fnMap":{"0":{"name":"(anonymous_0)","decl":{"start":{"line":61,"column":20},"end":{"line":61,"column":21}},"loc":{"start":{"line":61,"column":40},"end":{"line":83,"column":1}},"line":61},"1":{"name":"(anonymous_1)","decl":{"start":{"line":118,"column":32},"end":{"line":118,"column":33}},"loc":{"start":{"line":118,"column":52},"end":{"line":171,"column":1}},"line":118},"2":{"name":"(anonymous_2)","decl":{"start":{"line":153,"column":36},"end":{"line":153,"column":37}},"loc":{"start":{"line":153,"column":46},"end":{"line":158,"column":9}},"line":153},"3":{"name":"(anonymous_3)","decl":{"start":{"line":320,"column":20},"end":{"line":320,"column":21}},"loc":{"start":{"line":320,"column":40},"end":{"line":405,"column":1}},"line":320}},"branchMap":{"0":{"loc":{"start":{"line":65,"column":8},"end":{"line":70,"column":9}},"type":"if","locations":[{"start":{"line":65,"column":8},"end":{"line":70,"column":9}},{"start":{},"end":{}}],"line":65},"1":{"loc":{"start":{"line":125,"column":8},"end":{"line":130,"column":9}},"type":"if","locations":[{"start":{"line":125,"column":8},"end":{"line":130,"column":9}},{"start":{},"end":{}}],"line":125},"2":{"loc":{"start":{"line":132,"column":26},"end":{"line":132,"column":44}},"type":"binary-expr","locations":[{"start":{"line":132,"column":26},"end":{"line":132,"column":38}},{"start":{"line":132,"column":42},"end":{"line":132,"column":44}}],"line":132},"3":{"loc":{"start":{"line":137,"column":12},"end":{"line":150,"column":13}},"type":"if","locations":[{"start":{"line":137,"column":12},"end":{"line":150,"column":13}},{"start":{},"end":{}}],"line":137},"4":{"loc":{"start":{"line":147,"column":37},"end":{"line":147,"column":79}},"type":"cond-expr","locations":[{"start":{"line":147,"column":51},"end":{"line":147,"column":72}},{"start":{"line":147,"column":75},"end":{"line":147,"column":79}}],"line":147},"5":{"loc":{"start":{"line":148,"column":33},"end":{"line":148,"column":71}},"type":"cond-expr","locations":[{"start":{"line":148,"column":47},"end":{"line":148,"column":66}},{"start":{"line":148,"column":69},"end":{"line":148,"column":71}}],"line":148},"6":{"loc":{"start":{"line":154,"column":12},"end":{"line":154,"column":67}},"type":"if","locations":[{"start":{"line":154,"column":12},"end":{"line":154,"column":67}},{"start":{},"end":{}}],"line":154},"7":{"loc":{"start":{"line":154,"column":16},"end":{"line":154,"column":56}},"type":"binary-expr","locations":[{"start":{"line":154,"column":16},"end":{"line":154,"column":34}},{"start":{"line":154,"column":38},"end":{"line":154,"column":56}}],"line":154},"8":{"loc":{"start":{"line":155,"column":12},"end":{"line":155,"column":45}},"type":"if","locations":[{"start":{"line":155,"column":12},"end":{"line":155,"column":45}},{"start":{},"end":{}}],"line":155},"9":{"loc":{"start":{"line":156,"column":12},"end":{"line":156,"column":46}},"type":"if","locations":[{"start":{"line":156,"column":12},"end":{"line":156,"column":46}},{"start":{},"end":{}}],"line":156},"10":{"loc":{"start":{"line":333,"column":12},"end":{"line":333,"column":26}},"type":"default-arg","locations":[{"start":{"line":333,"column":24},"end":{"line":333,"column":26}}],"line":333},"11":{"loc":{"start":{"line":344,"column":32},"end":{"line":344,"column":46}},"type":"binary-expr","locations":[{"start":{"line":344,"column":32},"end":{"line":344,"column":40}},{"start":{"line":344,"column":44},"end":{"line":344,"column":46}}],"line":344},"12":{"loc":{"start":{"line":348,"column":8},"end":{"line":353,"column":9}},"type":"if","locations":[{"start":{"line":348,"column":8},"end":{"line":353,"column":9}},{"start":{},"end":{}}],"line":348},"13":{"loc":{"start":{"line":387,"column":8},"end":{"line":392,"column":9}},"type":"if","locations":[{"start":{"line":387,"column":8},"end":{"line":392,"column":9}},{"start":{},"end":{}}],"line":387}},"s":{"0":1,"1":1,"2":1,"3":1,"4":1,"5":4,"6":4,"7":4,"8":3,"9":1,"10":0,"11":0,"12":1,"13":0,"14":0,"15":0,"16":0,"17":0,"18":0,"19":0,"20":0,"21":0,"22":0,"23":0,"24":0,"25":0,"26":0,"27":0,"28":0,"29":0,"30":0,"31":0,"32":0,"33":0,"34":0,"35":1,"36":0,"37":0,"38":0,"39":0,"40":0,"41":0,"42":0,"43":0,"44":0,"45":0,"46":0,"47":0,"48":0,"49":1},"f":{"0":4,"1":0,"2":0,"3":0},"b":{"0":[3,1],"1":[0,0],"2":[0,0],"3":[0,0],"4":[0,0],"5":[0,0],"6":[0,0],"7":[0,0],"8":[0,0],"9":[0,0],"10":[0],"11":[0,0],"12":[0,0],"13":[0,0]},"_coverageSchema":"1a1c01bbd47fc00a2c39e90264f33305004495a9","hash":"e002ed9361cc9225153b149702b21f28e2789f8a"}
}
